This is cutadapt 3.5 with Python 3.10.12
Command line parameters: -a TGGAATTCTCGGGTGCC -A AGATCGGAAGAGCGTCG -e 0.1 -m 25 --overlap 5 -q 20 -o X19_trimq_1.fq -p X19_trimq_2.fq X19_R1.fq.gz X19_R2.fq.gz
Processing reads on 1 core in paired-end mode ...
Finished in 3.93 s (196 µs/read; 0.31 M reads/minute).

=== Summary ===

Total read pairs processed:             20,000
  Read 1 with adapter:                  18,131 (90.7%)
  Read 2 with adapter:                  15,771 (78.9%)

== Read fate breakdown ==
Pairs that were too short:               1,030 (5.1%)
Pairs written (passing filters):        18,970 (94.8%)

Total basepairs processed:     6,000,000 bp
  Read 1:     3,000,000 bp
  Read 2:     3,000,000 bp
Quality-trimmed:               1,043,267 bp (17.4%)
  Read 1:       372,038 bp
  Read 2:       671,229 bp
Total written (filtered):      2,754,393 bp (45.9%)
  Read 1:     1,418,856 bp
  Read 2:     1,335,537 bp

=== First read: Adapter 1 ===

Sequence: TGGAATTCTCGGGTGCC; Type: regular 3'; Length: 17; Trimmed: 18131 times

Minimum overlap: 5
No. of allowed errors:
1-9 bp: 0; 10-17 bp: 1

Bases preceding removed adapters:
  A: 0.6%
  C: 97.9%
  G: 0.1%
  T: 1.4%
  none/other: 0.0%
WARNING:
    The adapter is preceded by 'C' extremely often.
    The provided adapter sequence could be incomplete at its 5' end.
    Ignore this warning when trimming primers.

Overview of removed sequences
length	count	expect	max.err	error counts
6	28	4.9	0	28
7	36	1.2	0	36
8	30	0.3	0	30
9	34	0.1	0	34
10	44	0.0	1	41 3
11	41	0.0	1	35 6
12	27	0.0	1	20 7
13	33	0.0	1	23 10
14	42	0.0	1	32 10
15	32	0.0	1	25 7
16	60	0.0	1	40 20
17	130	0.0	1	93 37
18	7	0.0	1	4 3
19	1	0.0	1	1
21	7	0.0	1	3 4
22	4	0.0	1	3 1
23	1	0.0	1	0 1
24	6	0.0	1	6
25	2	0.0	1	2
26	12	0.0	1	9 3
27	20	0.0	1	17 3
28	2	0.0	1	1 1
29	6	0.0	1	6
30	10	0.0	1	8 2
31	54	0.0	1	39 15
32	4	0.0	1	3 1
33	4	0.0	1	3 1
34	80	0.0	1	60 20
35	4	0.0	1	1 3
36	1	0.0	1	0 1
39	3	0.0	1	2 1
40	1	0.0	1	1
41	6	0.0	1	5 1
42	7	0.0	1	7
43	1	0.0	1	1
44	7	0.0	1	3 4
45	4	0.0	1	2 2
46	17	0.0	1	15 2
47	2	0.0	1	2
48	8	0.0	1	7 1
49	10	0.0	1	7 3
50	21	0.0	1	18 3
51	13	0.0	1	10 3
52	15	0.0	1	9 6
53	21	0.0	1	17 4
54	33	0.0	1	24 9
55	35	0.0	1	27 8
56	45	0.0	1	39 6
57	91	0.0	1	72 19
58	111	0.0	1	82 29
59	74	0.0	1	60 14
60	217	0.0	1	180 37
61	356	0.0	1	303 53
62	872	0.0	1	647 225
63	10862	0.0	1	10226 636
64	2760	0.0	1	2451 309
65	85	0.0	1	45 40
66	4	0.0	1	1 3
67	2	0.0	1	2
68	1	0.0	1	1
69	2	0.0	1	1 1
70	22	0.0	1	19 3
71	26	0.0	1	22 4
72	28	0.0	1	24 4
73	32	0.0	1	24 8
74	39	0.0	1	35 4
75	75	0.0	1	66 9
76	81	0.0	1	68 13
77	162	0.0	1	143 19
78	183	0.0	1	175 8
79	157	0.0	1	142 15
80	85	0.0	1	77 8
81	82	0.0	1	77 5
82	80	0.0	1	71 9
83	138	0.0	1	121 17
84	201	0.0	1	185 16
85	146	0.0	1	129 17
86	53	0.0	1	48 5
87	31	0.0	1	26 5
88	15	0.0	1	15
89	6	0.0	1	6
90	8	0.0	1	7 1
91	19	0.0	1	15 4
92	2	0.0	1	1 1
94	1	0.0	1	1
95	2	0.0	1	0 2
96	3	0.0	1	2 1
101	2	0.0	1	2
105	1	0.0	1	1
106	2	0.0	1	2
113	1	0.0	1	1


=== Second read: Adapter 2 ===

Sequence: AGATCGGAAGAGCGTCG; Type: regular 3'; Length: 17; Trimmed: 15771 times

Minimum overlap: 5
No. of allowed errors:
1-9 bp: 0; 10-17 bp: 1

Bases preceding removed adapters:
  A: 1.5%
  C: 97.3%
  G: 0.8%
  T: 0.4%
  none/other: 0.0%
WARNING:
    The adapter is preceded by 'C' extremely often.
    The provided adapter sequence could be incomplete at its 5' end.
    Ignore this warning when trimming primers.

Overview of removed sequences
length	count	expect	max.err	error counts
5	19	19.5	0	19
6	27	4.9	0	27
7	47	1.2	0	47
8	1	0.3	0	1
10	4	0.0	1	3 1
13	2	0.0	1	2
14	4	0.0	1	4
15	5	0.0	1	4 1
16	11	0.0	1	10 1
17	10	0.0	1	9 1
18	10	0.0	1	8 2
19	33	0.0	1	27 6
20	151	0.0	1	141 10
21	6	0.0	1	1 5
22	9	0.0	1	6 3
23	24	0.0	1	22 2
24	118	0.0	1	109 9
25	9	0.0	1	1 8
26	1	0.0	1	1
28	2	0.0	1	2
30	1	0.0	1	1
31	2	0.0	1	1 1
32	8	0.0	1	7 1
33	12	0.0	1	12
35	5	0.0	1	3 2
36	5	0.0	1	5
37	15	0.0	1	11 4
38	12	0.0	1	9 3
39	14	0.0	1	10 4
40	36	0.0	1	26 10
41	38	0.0	1	33 5
42	176	0.0	1	155 21
43	13	0.0	1	7 6
44	27	0.0	1	22 5
46	8	0.0	1	5 3
47	13	0.0	1	12 1
48	22	0.0	1	14 8
49	56	0.0	1	47 9
50	91	0.0	1	78 13
51	45	0.0	1	35 10
52	107	0.0	1	87 20
53	149	0.0	1	126 23
54	69	0.0	1	54 15
55	183	0.0	1	155 28
56	318	0.0	1	268 50
57	355	0.0	1	316 39
58	307	0.0	1	260 47
59	826	0.0	1	749 77
60	1505	0.0	1	1342 163
61	3892	0.0	1	3695 197
62	162	0.0	1	14 148
63	85	0.0	1	46 39
64	2471	0.0	1	2395 76
65	92	0.0	1	7 85
66	117	0.0	1	76 41
67	2153	0.0	1	2065 88
68	109	0.0	1	26 83
69	1	0.0	1	1
71	1	0.0	1	1
73	2	0.0	1	1 1
74	50	0.0	1	46 4
75	78	0.0	1	68 10
76	85	0.0	1	76 9
77	166	0.0	1	141 25
78	214	0.0	1	193 21
79	180	0.0	1	156 24
80	104	0.0	1	94 10
81	79	0.0	1	70 9
82	113	0.0	1	99 14
83	161	0.0	1	136 25
84	210	0.0	1	185 25
85	178	0.0	1	150 28
86	74	0.0	1	64 10
87	24	0.0	1	20 4
88	10	0.0	1	9 1
89	7	0.0	1	6 1
90	7	0.0	1	6 1
91	19	0.0	1	13 6
92	2	0.0	1	2
93	1	0.0	1	1
94	2	0.0	1	1 1
95	1	0.0	1	1
96	2	0.0	1	2
98	1	0.0	1	1
101	3	0.0	1	3
104	1	0.0	1	1
106	1	0.0	1	1
122	1	0.0	1	1
131	1	0.0	1	1


WARNING:
    One or more of your adapter sequences may be incomplete.
    Please see the detailed output above.
